-------------------------------------------------------------------------------
Test set: open.testing.suite.junit5.MyParameterizedTests
-------------------------------------------------------------------------------
Tests run: 29, Failures: 2, Errors: 0, Skipped: 0, Time elapsed: 0.008 s <<< FAILURE! - in open.testing.suite.junit5.MyParameterizedTests
palindromes{String}[1]  Time elapsed: 0 s  <<< FAILURE!
org.opentest4j.AssertionFailedError: expected: <true> but was: <false>
	at open.testing.suite.junit5.MyParameterizedTests.palindromes(MyParameterizedTests.java:26)

palindromes{String}[2]  Time elapsed: 0 s  <<< FAILURE!
org.opentest4j.AssertionFailedError: expected: <true> but was: <false>
	at open.testing.suite.junit5.MyParameterizedTests.palindromes(MyParameterizedTests.java:26)

