-------------------------------------------------------------------------------
Test set: tech.rongxing.devops.unittest.demo.AddFunTest
-------------------------------------------------------------------------------
Tests run: 2, Failures: 1, Errors: 0, Skipped: 0, Time elapsed: 1.793 s <<< FAILURE! - in tech.rongxing.devops.unittest.demo.AddFunTest
testAddThree  Time elapsed: 0.018 s  <<< FAILURE!
org.opentest4j.AssertionFailedError: expected: <140> but was: <20>
	at tech.rongxing.devops.unittest.demo.AddFunTest.testAddThree(AddFunTest.java:39)

