-------------------------------------------------------------------------------
Test set: tech.rongxing.devops.whitebox.GetWeekTest
-------------------------------------------------------------------------------
Tests run: 1, Failures: 1, Errors: 0, Skipped: 0, Time elapsed: 0.005 s <<< FAILURE! - in tech.rongxing.devops.whitebox.GetWeekTest
testGetWeek  Time elapsed: 0 s  <<< FAILURE!
org.opentest4j.AssertionFailedError: Not yet implemented
	at tech.rongxing.devops.whitebox.GetWeekTest.testGetWeek(GetWeekTest.java:21)

