<?xml version="1.0" encoding="UTF-8"?>
<testsuite xmlns:xsi="http://www.w3.org/2001/XMLSchema-instance" xsi:noNamespaceSchemaLocation="https://maven.apache.org/surefire/maven-surefire-plugin/xsd/surefire-test-report.xsd" name="open.testing.suite.whitebox.GetWeekTest" time="0.003" tests="1" errors="0" skipped="0" failures="1">
  <properties>
[...]
</properties>
  <testcase name="testGetWeek" classname="open.testing.suite.whitebox.GetWeekTest" time="0">
    <failure message="Not yet implemented" type="org.opentest4j.AssertionFailedError">org.opentest4j.AssertionFailedError: Not yet implemented
	at open.testing.suite.whitebox.GetWeekTest.testGetWeek(GetWeekTest.java:21)
</failure>
  </testcase>
</testsuite>