<?xml version="1.0" encoding="UTF-8"?>
<testsuite xmlns:xsi="http://www.w3.org/2001/XMLSchema-instance" xsi:noNamespaceSchemaLocation="https://maven.apache.org/surefire/maven-surefire-plugin/xsd/surefire-test-report.xsd" name="tech.rongxing.devops.whitebox.Example1Test" time="0.009" tests="17" errors="0" skipped="0" failures="6">
  <properties>
    <property name="sun.desktop" value="windows"/>
    <property name="awt.toolkit" value="sun.awt.windows.WToolkit"/>
    <property name="java.specification.version" value="11"/>
    <property name="sun.cpu.isalist" value="amd64"/>
    <property name="sun.jnu.encoding" value="GBK"/>
    <property name="java.class.path" value="D:\jenkins\whitebox-test-suite\target\test-classes;D:\jenkins\whitebox-test-suite\target\classes;C:\Users\Administrator\.m2\repository\org\junit\jupiter\junit-jupiter-engine\5.4.2\junit-jupiter-engine-5.4.2.jar;C:\Users\Administrator\.m2\repository\org\apiguardian\apiguardian-api\1.0.0\apiguardian-api-1.0.0.jar;C:\Users\Administrator\.m2\repository\org\junit\platform\junit-platform-engine\1.4.2\junit-platform-engine-1.4.2.jar;C:\Users\Administrator\.m2\repository\org\opentest4j\opentest4j\1.1.1\opentest4j-1.1.1.jar;C:\Users\Administrator\.m2\repository\org\junit\platform\junit-platform-commons\1.4.2\junit-platform-commons-1.4.2.jar;C:\Users\Administrator\.m2\repository\org\junit\jupiter\junit-jupiter-api\5.4.2\junit-jupiter-api-5.4.2.jar;C:\Users\Administrator\.m2\repository\org\junit\jupiter\junit-jupiter-params\5.4.2\junit-jupiter-params-5.4.2.jar;C:\Users\Administrator\.m2\repository\org\powermock\powermock-module-junit4\1.6.5\powermock-module-junit4-1.6.5.jar;C:\Users\Administrator\.m2\repository\junit\junit\4.12\junit-4.12.jar;C:\Users\Administrator\.m2\repository\org\powermock\powermock-module-junit4-common\1.6.5\powermock-module-junit4-common-1.6.5.jar;C:\Users\Administrator\.m2\repository\org\powermock\powermock-core\1.6.5\powermock-core-1.6.5.jar;C:\Users\Administrator\.m2\repository\org\javassist\javassist\3.20.0-GA\javassist-3.20.0-GA.jar;C:\Users\Administrator\.m2\repository\org\powermock\powermock-reflect\1.6.5\powermock-reflect-1.6.5.jar;C:\Users\Administrator\.m2\repository\org\powermock\powermock-api-mockito\1.6.5\powermock-api-mockito-1.6.5.jar;C:\Users\Administrator\.m2\repository\org\mockito\mockito-core\1.10.19\mockito-core-1.10.19.jar;C:\Users\Administrator\.m2\repository\org\objenesis\objenesis\2.1\objenesis-2.1.jar;C:\Users\Administrator\.m2\repository\org\hamcrest\hamcrest-core\1.3\hamcrest-core-1.3.jar;C:\Users\Administrator\.m2\repository\org\powermock\powermock-api-mockito-common\1.6.5\powermock-api-mockito-common-1.6.5.jar;C:\Users\Administrator\.m2\repository\org\powermock\powermock-api-support\1.6.5\powermock-api-support-1.6.5.jar;C:\Users\Administrator\.m2\repository\org\mockito\mockito-all\1.10.19\mockito-all-1.10.19.jar;C:\Users\Administrator\.m2\repository\org\jmockit\jmockit\1.44\jmockit-1.44.jar;C:\Users\Administrator\.m2\repository\com\google\code\findbugs\jsr305\3.0.2\jsr305-3.0.2.jar;C:\Users\Administrator\.m2\repository\org\jmockit\jmockit-coverage\1.19\jmockit-coverage-1.19.jar;"/>
    <property name="java.vm.vendor" value="AdoptOpenJDK"/>
    <property name="sun.arch.data.model" value="64"/>
    <property name="user.variant" value=""/>
    <property name="java.vendor.url" value="https://adoptopenjdk.net/"/>
    <property name="user.timezone" value="Asia/Shanghai"/>
    <property name="java.vm.specification.version" value="11"/>
    <property name="os.name" value="Windows 10"/>
    <property name="sun.java.launcher" value="SUN_STANDARD"/>
    <property name="user.country" value="CN"/>
    <property name="sun.boot.library.path" value="C:\Program Files\AdoptOpenJDK\jdk-11.0.11.9-hotspot\bin"/>
    <property name="sun.java.command" value="C:\Users\ADMINI~1\AppData\Local\Temp\surefire16161363229279109214\surefirebooter17002550886151536219.jar C:\Users\Administrator\AppData\Local\Temp\surefire16161363229279109214 2021-07-02T16-18-59_369-jvmRun1 surefire10601273663690936494tmp surefire_017823866757218368176tmp"/>
    <property name="jdk.debug" value="release"/>
    <property name="surefire.test.class.path" value="D:\jenkins\whitebox-test-suite\target\test-classes;D:\jenkins\whitebox-test-suite\target\classes;C:\Users\Administrator\.m2\repository\org\junit\jupiter\junit-jupiter-engine\5.4.2\junit-jupiter-engine-5.4.2.jar;C:\Users\Administrator\.m2\repository\org\apiguardian\apiguardian-api\1.0.0\apiguardian-api-1.0.0.jar;C:\Users\Administrator\.m2\repository\org\junit\platform\junit-platform-engine\1.4.2\junit-platform-engine-1.4.2.jar;C:\Users\Administrator\.m2\repository\org\opentest4j\opentest4j\1.1.1\opentest4j-1.1.1.jar;C:\Users\Administrator\.m2\repository\org\junit\platform\junit-platform-commons\1.4.2\junit-platform-commons-1.4.2.jar;C:\Users\Administrator\.m2\repository\org\junit\jupiter\junit-jupiter-api\5.4.2\junit-jupiter-api-5.4.2.jar;C:\Users\Administrator\.m2\repository\org\junit\jupiter\junit-jupiter-params\5.4.2\junit-jupiter-params-5.4.2.jar;C:\Users\Administrator\.m2\repository\org\powermock\powermock-module-junit4\1.6.5\powermock-module-junit4-1.6.5.jar;C:\Users\Administrator\.m2\repository\junit\junit\4.12\junit-4.12.jar;C:\Users\Administrator\.m2\repository\org\powermock\powermock-module-junit4-common\1.6.5\powermock-module-junit4-common-1.6.5.jar;C:\Users\Administrator\.m2\repository\org\powermock\powermock-core\1.6.5\powermock-core-1.6.5.jar;C:\Users\Administrator\.m2\repository\org\javassist\javassist\3.20.0-GA\javassist-3.20.0-GA.jar;C:\Users\Administrator\.m2\repository\org\powermock\powermock-reflect\1.6.5\powermock-reflect-1.6.5.jar;C:\Users\Administrator\.m2\repository\org\powermock\powermock-api-mockito\1.6.5\powermock-api-mockito-1.6.5.jar;C:\Users\Administrator\.m2\repository\org\mockito\mockito-core\1.10.19\mockito-core-1.10.19.jar;C:\Users\Administrator\.m2\repository\org\objenesis\objenesis\2.1\objenesis-2.1.jar;C:\Users\Administrator\.m2\repository\org\hamcrest\hamcrest-core\1.3\hamcrest-core-1.3.jar;C:\Users\Administrator\.m2\repository\org\powermock\powermock-api-mockito-common\1.6.5\powermock-api-mockito-common-1.6.5.jar;C:\Users\Administrator\.m2\repository\org\powermock\powermock-api-support\1.6.5\powermock-api-support-1.6.5.jar;C:\Users\Administrator\.m2\repository\org\mockito\mockito-all\1.10.19\mockito-all-1.10.19.jar;C:\Users\Administrator\.m2\repository\org\jmockit\jmockit\1.44\jmockit-1.44.jar;C:\Users\Administrator\.m2\repository\com\google\code\findbugs\jsr305\3.0.2\jsr305-3.0.2.jar;C:\Users\Administrator\.m2\repository\org\jmockit\jmockit-coverage\1.19\jmockit-coverage-1.19.jar;"/>
    <property name="sun.cpu.endian" value="little"/>
    <property name="user.home" value="C:\Users\Administrator"/>
    <property name="user.language" value="zh"/>
    <property name="java.specification.vendor" value="Oracle Corporation"/>
    <property name="java.version.date" value="2021-04-20"/>
    <property name="java.home" value="C:\Program Files\AdoptOpenJDK\jdk-11.0.11.9-hotspot"/>
    <property name="file.separator" value="\"/>
    <property name="basedir" value="D:\jenkins\whitebox-test-suite"/>
    <property name="java.vm.compressedOopsMode" value="Zero based"/>
    <property name="line.separator" value="&#10;"/>
    <property name="java.specification.name" value="Java Platform API Specification"/>
    <property name="java.vm.specification.vendor" value="Oracle Corporation"/>
    <property name="java.awt.graphicsenv" value="sun.awt.Win32GraphicsEnvironment"/>
    <property name="surefire.real.class.path" value="C:\Users\ADMINI~1\AppData\Local\Temp\surefire16161363229279109214\surefirebooter17002550886151536219.jar"/>
    <property name="user.script" value=""/>
    <property name="sun.management.compiler" value="HotSpot 64-Bit Tiered Compilers"/>
    <property name="java.runtime.version" value="11.0.11+9"/>
    <property name="user.name" value="Administrator"/>
    <property name="path.separator" value=";"/>
    <property name="os.version" value="10.0"/>
    <property name="java.runtime.name" value="OpenJDK Runtime Environment"/>
    <property name="file.encoding" value="GBK"/>
    <property name="java.vm.name" value="OpenJDK 64-Bit Server VM"/>
    <property name="java.vendor.version" value="AdoptOpenJDK-11.0.11+9"/>
    <property name="localRepository" value="C:\Users\Administrator\.m2\repository"/>
    <property name="java.vendor.url.bug" value="https://github.com/AdoptOpenJDK/openjdk-support/issues"/>
    <property name="java.io.tmpdir" value="C:\Users\ADMINI~1\AppData\Local\Temp\"/>
    <property name="java.version" value="11.0.11"/>
    <property name="user.dir" value="D:\jenkins\whitebox-test-suite"/>
    <property name="os.arch" value="amd64"/>
    <property name="java.vm.specification.name" value="Java Virtual Machine Specification"/>
    <property name="java.awt.printerjob" value="sun.awt.windows.WPrinterJob"/>
    <property name="sun.os.patch.level" value=""/>
    <property name="java.library.path" value="C:\Program Files\AdoptOpenJDK\jdk-11.0.11.9-hotspot\bin;C:\WINDOWS\Sun\Java\bin;C:\WINDOWS\system32;C:\WINDOWS;C:\Program Files\AdoptOpenJDK\jdk-11.0.11.9-hotspot\bin;D:\Java\AdoptOpenJDK\jdk-8.0.292.10-hotspot\bin;D:\java\apache-maven-3.8.1\bin;D:\java\gradle-7.0.2\bin;C:\Python39\Scripts\;C:\Python39\;C:\Windows\system32;C:\Windows;C:\Windows\System32\Wbem;C:\Windows\System32\WindowsPowerShell\v1.0\;C:\Windows\System32\OpenSSH\;C:\Program Files (x86)\NVIDIA Corporation\PhysX\Common;C:\Program Files\dotnet\;C:\Program Files\Microsoft SQL Server\130\Tools\Binn\;C:\Program Files\Microsoft SQL Server\Client SDK\ODBC\170\Tools\Binn\;D:\Program Files\nodejs\;C:\ProgramData\chocolatey\bin;C:\Program Files\Git\cmd;C:\Program Files (x86)\GtkSharp\2.12\bin;C:\Program Files (x86)\Microsoft SQL Server\150\Tools\Binn\;C:\Program Files\Microsoft SQL Server\150\Tools\Binn\;C:\Program Files\Microsoft SQL Server\150\DTS\Binn\;C:\Program Files\Docker\Docker\resources\bin;C:\ProgramData\DockerDesktop\version-bin;C:\Program Files (x86)\Microsoft SQL Server\150\DTS\Binn\;C:\Program Files\Azure Data Studio\bin;C:\Strawberry\c\bin;C:\Strawberry\perl\site\bin;C:\Strawberry\perl\bin;C:\WINDOWS\system32;C:\WINDOWS;C:\WINDOWS\System32\Wbem;C:\WINDOWS\System32\WindowsPowerShell\v1.0\;C:\WINDOWS\System32\OpenSSH\;D:\Program Files\TortoiseSVN\bin;D:\Program Files (x86)\Eclipse\Sumo\bin\;D:\Program Files (x86)\Eclipse\Sumo\tools\;C:\Program Files\MySQL\MySQL Shell 8.0\bin\;C:\Users\Administrator\AppData\Local\Microsoft\WindowsApps;C:\Users\Administrator\.dotnet\tools;C:\Users\Administrator\AppData\Roaming\npm;D:\Program Files\JetBrains\IntelliJ IDEA 2021.1.1\bin;;C:\Program Files\Azure Data Studio\bin;;D:\Users\Administrator\AppData\Local\Programs\Microsoft VS Code\bin;D:\Program Files\JetBrains\idealC-2021.1.2\bin;;."/>
    <property name="java.vm.info" value="mixed mode"/>
    <property name="java.vendor" value="AdoptOpenJDK"/>
    <property name="java.vm.version" value="11.0.11+9"/>
    <property name="sun.io.unicode.encoding" value="UnicodeLittle"/>
    <property name="java.class.version" value="55.0"/>
  </properties>
  <testcase name="testWithEnumSourceInclude{TimeUnit}[1]" classname="tech.rongxing.devops.whitebox.Example1Test" time="0"/>
  <testcase name="testWithEnumSourceInclude{TimeUnit}[2]" classname="tech.rongxing.devops.whitebox.Example1Test" time="0"/>
  <testcase name="testWithCsvSource{int, int, int, int}[1]" classname="tech.rongxing.devops.whitebox.Example1Test" time="0"/>
  <testcase name="testWithCsvSource{int, int, int, int}[2]" classname="tech.rongxing.devops.whitebox.Example1Test" time="0">
    <failure message="expected: &lt;3&gt; but was: &lt;2&gt;" type="org.opentest4j.AssertionFailedError"><![CDATA[org.opentest4j.AssertionFailedError: expected: <3> but was: <2>
	at tech.rongxing.devops.whitebox.Example1Test.testWithCsvSource(Example1Test.java:77)
]]></failure>
  </testcase>
  <testcase name="testWithCsvSource{int, int, int, int}[3]" classname="tech.rongxing.devops.whitebox.Example1Test" time="0">
    <failure message="expected: &lt;4&gt; but was: &lt;2&gt;" type="org.opentest4j.AssertionFailedError"><![CDATA[org.opentest4j.AssertionFailedError: expected: <4> but was: <2>
	at tech.rongxing.devops.whitebox.Example1Test.testWithCsvSource(Example1Test.java:77)
]]></failure>
  </testcase>
  <testcase name="testWithCsvSourceFile{String, int, int, int, int, String}[1]" classname="tech.rongxing.devops.whitebox.Example1Test" time="0"/>
  <testcase name="testWithCsvSourceFile{String, int, int, int, int, String}[2]" classname="tech.rongxing.devops.whitebox.Example1Test" time="0">
    <failure message="2分支覆盖没有通过 ==&gt; expected: &lt;3&gt; but was: &lt;2&gt;" type="org.opentest4j.AssertionFailedError"><![CDATA[org.opentest4j.AssertionFailedError: 2分支覆盖没有通过 ==> expected: <3> but was: <2>
	at tech.rongxing.devops.whitebox.Example1Test.testWithCsvSourceFile(Example1Test.java:93)
]]></failure>
  </testcase>
  <testcase name="testWithCsvSourceFile{String, int, int, int, int, String}[3]" classname="tech.rongxing.devops.whitebox.Example1Test" time="0">
    <failure message="3条件覆盖没有通过 ==&gt; expected: &lt;4&gt; but was: &lt;2&gt;" type="org.opentest4j.AssertionFailedError"><![CDATA[org.opentest4j.AssertionFailedError: 3条件覆盖没有通过 ==> expected: <4> but was: <2>
	at tech.rongxing.devops.whitebox.Example1Test.testWithCsvSourceFile(Example1Test.java:93)
]]></failure>
  </testcase>
  <testcase name="testFunc1{String, boolean, String}[1]" classname="tech.rongxing.devops.whitebox.Example1Test" time="0"/>
  <testcase name="testFunc1{String, boolean, String}[2]" classname="tech.rongxing.devops.whitebox.Example1Test" time="0">
    <failure message="普通判断 ==&gt; expected: &lt;true&gt; but was: &lt;false&gt;" type="org.opentest4j.AssertionFailedError"><![CDATA[org.opentest4j.AssertionFailedError: 普通判断 ==> expected: <true> but was: <false>
	at tech.rongxing.devops.whitebox.Example1Test.testFunc1(Example1Test.java:63)
]]></failure>
  </testcase>
  <testcase name="testFunc3" classname="tech.rongxing.devops.whitebox.Example1Test" time="0"/>
  <testcase name="testFunc2_2{String, boolean, String}[1]" classname="tech.rongxing.devops.whitebox.Example1Test" time="0"/>
  <testcase name="testFunc2_2{String, boolean, String}[2]" classname="tech.rongxing.devops.whitebox.Example1Test" time="0">
    <failure message="普通判断 ==&gt; expected: &lt;true&gt; but was: &lt;false&gt;" type="org.opentest4j.AssertionFailedError"><![CDATA[org.opentest4j.AssertionFailedError: 普通判断 ==> expected: <true> but was: <false>
	at tech.rongxing.devops.whitebox.Example1Test.testFunc2_2(Example1Test.java:85)
]]></failure>
  </testcase>
  <testcase name="test" classname="tech.rongxing.devops.whitebox.Example1Test" time="0"/>
  <testcase name="palindromes{String}[1]" classname="tech.rongxing.devops.whitebox.Example1Test" time="0"/>
  <testcase name="palindromes{String}[2]" classname="tech.rongxing.devops.whitebox.Example1Test" time="0"/>
  <testcase name="palindromes{String}[3]" classname="tech.rongxing.devops.whitebox.Example1Test" time="0"/>
</testsuite>