<?xml version="1.0" encoding="UTF-8"?>
<testsuite xmlns:xsi="http://www.w3.org/2001/XMLSchema-instance" xsi:noNamespaceSchemaLocation="https://maven.apache.org/surefire/maven-surefire-plugin/xsd/surefire-test-report.xsd" name="open.testing.suite.junit5.MyParameterizedTests" time="0.008" tests="29" errors="0" skipped="0" failures="2">
  <properties>
    <property name="sun.desktop" value="windows"/>
    <property name="awt.toolkit" value="sun.awt.windows.WToolkit"/>
    <property name="java.specification.version" value="11"/>
    <property name="sun.cpu.isalist" value="amd64"/>
    <property name="sun.jnu.encoding" value="GBK"/>
    <property name="java.class.path" value="D:\java\test\open-testing-suite\target\test-classes;D:\java\test\open-testing-suite\target\classes;D:\.m2\repository\org\junit\platform\junit-platform-launcher\1.7.2\junit-platform-launcher-1.7.2.jar;D:\.m2\repository\org\apiguardian\apiguardian-api\1.1.0\apiguardian-api-1.1.0.jar;D:\.m2\repository\org\junit\platform\junit-platform-engine\1.7.2\junit-platform-engine-1.7.2.jar;D:\.m2\repository\org\opentest4j\opentest4j\1.2.0\opentest4j-1.2.0.jar;D:\.m2\repository\org\junit\platform\junit-platform-commons\1.7.2\junit-platform-commons-1.7.2.jar;D:\.m2\repository\org\junit\jupiter\junit-jupiter-engine\5.7.2\junit-jupiter-engine-5.7.2.jar;D:\.m2\repository\org\junit\jupiter\junit-jupiter-api\5.7.2\junit-jupiter-api-5.7.2.jar;D:\.m2\repository\org\junit\vintage\junit-vintage-engine\5.7.2\junit-vintage-engine-5.7.2.jar;D:\.m2\repository\junit\junit\4.13\junit-4.13.jar;D:\.m2\repository\org\junit\jupiter\junit-jupiter-params\5.7.2\junit-jupiter-params-5.7.2.jar;D:\.m2\repository\org\powermock\powermock-module-junit4\1.6.5\powermock-module-junit4-1.6.5.jar;D:\.m2\repository\org\powermock\powermock-module-junit4-common\1.6.5\powermock-module-junit4-common-1.6.5.jar;D:\.m2\repository\org\powermock\powermock-core\1.6.5\powermock-core-1.6.5.jar;D:\.m2\repository\org\javassist\javassist\3.20.0-GA\javassist-3.20.0-GA.jar;D:\.m2\repository\org\powermock\powermock-reflect\1.6.5\powermock-reflect-1.6.5.jar;D:\.m2\repository\org\powermock\powermock-api-mockito\1.6.5\powermock-api-mockito-1.6.5.jar;D:\.m2\repository\org\mockito\mockito-core\1.10.19\mockito-core-1.10.19.jar;D:\.m2\repository\org\objenesis\objenesis\2.1\objenesis-2.1.jar;D:\.m2\repository\org\hamcrest\hamcrest-core\1.3\hamcrest-core-1.3.jar;D:\.m2\repository\org\powermock\powermock-api-mockito-common\1.6.5\powermock-api-mockito-common-1.6.5.jar;D:\.m2\repository\org\powermock\powermock-api-support\1.6.5\powermock-api-support-1.6.5.jar;D:\.m2\repository\org\mockito\mockito-all\1.10.19\mockito-all-1.10.19.jar;D:\.m2\repository\org\jmockit\jmockit\1.44\jmockit-1.44.jar;D:\.m2\repository\com\google\code\findbugs\jsr305\3.0.2\jsr305-3.0.2.jar;D:\.m2\repository\org\jmockit\jmockit-coverage\1.19\jmockit-coverage-1.19.jar;"/>
    <property name="java.vm.vendor" value="AdoptOpenJDK"/>
    <property name="sun.arch.data.model" value="64"/>
    <property name="user.variant" value=""/>
    <property name="java.vendor.url" value="https://adoptopenjdk.net/"/>
    <property name="user.timezone" value="Asia/Shanghai"/>
    <property name="java.vm.specification.version" value="11"/>
    <property name="os.name" value="Windows 10"/>
    <property name="sun.java.launcher" value="SUN_STANDARD"/>
    <property name="user.country" value="CN"/>
    <property name="sun.boot.library.path" value="C:\Program Files\AdoptOpenJDK\jdk-11.0.11.9-hotspot\bin"/>
    <property name="sun.java.command" value="C:\Users\ADMINI~1\AppData\Local\Temp\surefire7252791823310934838\surefirebooter3712553215455133528.jar C:\Users\Administrator\AppData\Local\Temp\surefire7252791823310934838 2021-07-14T15-36-51_544-jvmRun1 surefire14164943854638471401tmp surefire_07833952300619487478tmp"/>
    <property name="jdk.debug" value="release"/>
    <property name="surefire.test.class.path" value="D:\java\test\open-testing-suite\target\test-classes;D:\java\test\open-testing-suite\target\classes;D:\.m2\repository\org\junit\platform\junit-platform-launcher\1.7.2\junit-platform-launcher-1.7.2.jar;D:\.m2\repository\org\apiguardian\apiguardian-api\1.1.0\apiguardian-api-1.1.0.jar;D:\.m2\repository\org\junit\platform\junit-platform-engine\1.7.2\junit-platform-engine-1.7.2.jar;D:\.m2\repository\org\opentest4j\opentest4j\1.2.0\opentest4j-1.2.0.jar;D:\.m2\repository\org\junit\platform\junit-platform-commons\1.7.2\junit-platform-commons-1.7.2.jar;D:\.m2\repository\org\junit\jupiter\junit-jupiter-engine\5.7.2\junit-jupiter-engine-5.7.2.jar;D:\.m2\repository\org\junit\jupiter\junit-jupiter-api\5.7.2\junit-jupiter-api-5.7.2.jar;D:\.m2\repository\org\junit\vintage\junit-vintage-engine\5.7.2\junit-vintage-engine-5.7.2.jar;D:\.m2\repository\junit\junit\4.13\junit-4.13.jar;D:\.m2\repository\org\junit\jupiter\junit-jupiter-params\5.7.2\junit-jupiter-params-5.7.2.jar;D:\.m2\repository\org\powermock\powermock-module-junit4\1.6.5\powermock-module-junit4-1.6.5.jar;D:\.m2\repository\org\powermock\powermock-module-junit4-common\1.6.5\powermock-module-junit4-common-1.6.5.jar;D:\.m2\repository\org\powermock\powermock-core\1.6.5\powermock-core-1.6.5.jar;D:\.m2\repository\org\javassist\javassist\3.20.0-GA\javassist-3.20.0-GA.jar;D:\.m2\repository\org\powermock\powermock-reflect\1.6.5\powermock-reflect-1.6.5.jar;D:\.m2\repository\org\powermock\powermock-api-mockito\1.6.5\powermock-api-mockito-1.6.5.jar;D:\.m2\repository\org\mockito\mockito-core\1.10.19\mockito-core-1.10.19.jar;D:\.m2\repository\org\objenesis\objenesis\2.1\objenesis-2.1.jar;D:\.m2\repository\org\hamcrest\hamcrest-core\1.3\hamcrest-core-1.3.jar;D:\.m2\repository\org\powermock\powermock-api-mockito-common\1.6.5\powermock-api-mockito-common-1.6.5.jar;D:\.m2\repository\org\powermock\powermock-api-support\1.6.5\powermock-api-support-1.6.5.jar;D:\.m2\repository\org\mockito\mockito-all\1.10.19\mockito-all-1.10.19.jar;D:\.m2\repository\org\jmockit\jmockit\1.44\jmockit-1.44.jar;D:\.m2\repository\com\google\code\findbugs\jsr305\3.0.2\jsr305-3.0.2.jar;D:\.m2\repository\org\jmockit\jmockit-coverage\1.19\jmockit-coverage-1.19.jar;"/>
    <property name="sun.cpu.endian" value="little"/>
    <property name="user.home" value="C:\Users\Administrator"/>
    <property name="user.language" value="zh"/>
    <property name="java.specification.vendor" value="Oracle Corporation"/>
    <property name="java.version.date" value="2021-04-20"/>
    <property name="java.home" value="C:\Program Files\AdoptOpenJDK\jdk-11.0.11.9-hotspot"/>
    <property name="file.separator" value="\"/>
    <property name="basedir" value="D:\java\test\open-testing-suite"/>
    <property name="java.vm.compressedOopsMode" value="Zero based"/>
    <property name="line.separator" value="&#10;"/>
    <property name="java.specification.name" value="Java Platform API Specification"/>
    <property name="java.vm.specification.vendor" value="Oracle Corporation"/>
    <property name="java.awt.graphicsenv" value="sun.awt.Win32GraphicsEnvironment"/>
    <property name="surefire.real.class.path" value="C:\Users\ADMINI~1\AppData\Local\Temp\surefire7252791823310934838\surefirebooter3712553215455133528.jar"/>
    <property name="user.script" value=""/>
    <property name="sun.management.compiler" value="HotSpot 64-Bit Tiered Compilers"/>
    <property name="java.runtime.version" value="11.0.11+9"/>
    <property name="user.name" value="Administrator"/>
    <property name="path.separator" value=";"/>
    <property name="os.version" value="10.0"/>
    <property name="java.runtime.name" value="OpenJDK Runtime Environment"/>
    <property name="file.encoding" value="GBK"/>
    <property name="java.vm.name" value="OpenJDK 64-Bit Server VM"/>
    <property name="java.vendor.version" value="AdoptOpenJDK-11.0.11+9"/>
    <property name="localRepository" value="D:\.m2\repository"/>
    <property name="java.vendor.url.bug" value="https://github.com/AdoptOpenJDK/openjdk-support/issues"/>
    <property name="java.io.tmpdir" value="C:\Users\ADMINI~1\AppData\Local\Temp\"/>
    <property name="java.version" value="11.0.11"/>
    <property name="user.dir" value="D:\java\test\open-testing-suite"/>
    <property name="os.arch" value="amd64"/>
    <property name="java.vm.specification.name" value="Java Virtual Machine Specification"/>
    <property name="java.awt.printerjob" value="sun.awt.windows.WPrinterJob"/>
    <property name="sun.os.patch.level" value=""/>
    <property name="java.library.path" value="C:\Program Files\AdoptOpenJDK\jdk-11.0.11.9-hotspot\bin;C:\WINDOWS\Sun\Java\bin;C:\WINDOWS\system32;C:\WINDOWS;C:\Program Files\AdoptOpenJDK\jdk-11.0.11.9-hotspot\bin;D:\Java\AdoptOpenJDK\jdk-8.0.292.10-hotspot\bin;C:\Program Files\AdoptOpenJDK\jdk-11.0.11.9-hotspot\bin;D:\java\apache-maven-3.8.1\bin;D:\java\gradle-7.0.2\bin;C:\Python39\Scripts\;C:\Python39\;C:\Windows\system32;C:\Windows;C:\Windows\System32\Wbem;C:\Windows\System32\WindowsPowerShell\v1.0\;C:\Windows\System32\OpenSSH\;C:\Program Files (x86)\NVIDIA Corporation\PhysX\Common;C:\Program Files\dotnet\;C:\Program Files\Microsoft SQL Server\130\Tools\Binn\;C:\Program Files\Microsoft SQL Server\Client SDK\ODBC\170\Tools\Binn\;D:\Program Files\nodejs\;C:\ProgramData\chocolatey\bin;C:\Program Files\Git\cmd;C:\Program Files (x86)\GtkSharp\2.12\bin;C:\Program Files (x86)\Microsoft SQL Server\150\Tools\Binn\;C:\Program Files\Microsoft SQL Server\150\Tools\Binn\;C:\Program Files\Microsoft SQL Server\150\DTS\Binn\;C:\Program Files\Azure Data Studio\bin;C:\Strawberry\c\bin;C:\Strawberry\perl\site\bin;C:\Strawberry\perl\bin;C:\WINDOWS\system32;C:\WINDOWS;C:\WINDOWS\System32\Wbem;C:\WINDOWS\System32\WindowsPowerShell\v1.0\;C:\WINDOWS\System32\OpenSSH\;D:\Program Files\TortoiseSVN\bin;D:\Program Files (x86)\Eclipse\Sumo\bin\;D:\Program Files (x86)\Eclipse\Sumo\tools\;;C:\Program Files\Docker\Docker\resources\bin;C:\ProgramData\DockerDesktop\version-bin;C:\Program Files\MySQL\MySQL Shell 8.0\bin\;C:\Users\Administrator\AppData\Local\Microsoft\WindowsApps;C:\Users\Administrator\.dotnet\tools;C:\Users\Administrator\AppData\Roaming\npm;D:\Program Files\JetBrains\IntelliJ IDEA 2021.1.1\bin;;C:\Program Files\Azure Data Studio\bin;;D:\Users\Administrator\AppData\Local\Programs\Microsoft VS Code\bin;D:\Program Files\JetBrains\idealC-2021.1.2\bin;;."/>
    <property name="java.vm.info" value="mixed mode"/>
    <property name="java.vendor" value="AdoptOpenJDK"/>
    <property name="java.vm.version" value="11.0.11+9"/>
    <property name="sun.io.unicode.encoding" value="UnicodeLittle"/>
    <property name="java.class.version" value="55.0"/>
  </properties>
  <testcase name="testWithValueSource{int}[1]" classname="open.testing.suite.junit5.MyParameterizedTests" time="0"/>
  <testcase name="testWithValueSource{int}[2]" classname="open.testing.suite.junit5.MyParameterizedTests" time="0"/>
  <testcase name="testWithValueSource{int}[3]" classname="open.testing.suite.junit5.MyParameterizedTests" time="0"/>
  <testcase name="testWithValueSource{int}[4]" classname="open.testing.suite.junit5.MyParameterizedTests" time="0"/>
  <testcase name="testWithValueSource{int}[5]" classname="open.testing.suite.junit5.MyParameterizedTests" time="0"/>
  <testcase name="testWithValueSource{int}[6]" classname="open.testing.suite.junit5.MyParameterizedTests" time="0"/>
  <testcase name="testWithValueSource{int}[7]" classname="open.testing.suite.junit5.MyParameterizedTests" time="0"/>
  <testcase name="testWithEnumSource{TemporalUnit}[1]" classname="open.testing.suite.junit5.MyParameterizedTests" time="0"/>
  <testcase name="testWithEnumSource{TemporalUnit}[2]" classname="open.testing.suite.junit5.MyParameterizedTests" time="0"/>
  <testcase name="testWithEnumSource{TemporalUnit}[3]" classname="open.testing.suite.junit5.MyParameterizedTests" time="0"/>
  <testcase name="testWithEnumSource{TemporalUnit}[4]" classname="open.testing.suite.junit5.MyParameterizedTests" time="0"/>
  <testcase name="testWithEnumSource{TemporalUnit}[5]" classname="open.testing.suite.junit5.MyParameterizedTests" time="0"/>
  <testcase name="testWithEnumSource{TemporalUnit}[6]" classname="open.testing.suite.junit5.MyParameterizedTests" time="0"/>
  <testcase name="testWithEnumSource{TemporalUnit}[7]" classname="open.testing.suite.junit5.MyParameterizedTests" time="0"/>
  <testcase name="testWithEnumSource{TemporalUnit}[8]" classname="open.testing.suite.junit5.MyParameterizedTests" time="0"/>
  <testcase name="testWithEnumSource{TemporalUnit}[9]" classname="open.testing.suite.junit5.MyParameterizedTests" time="0"/>
  <testcase name="testWithEnumSource{TemporalUnit}[10]" classname="open.testing.suite.junit5.MyParameterizedTests" time="0"/>
  <testcase name="testWithEnumSource{TemporalUnit}[11]" classname="open.testing.suite.junit5.MyParameterizedTests" time="0"/>
  <testcase name="testWithEnumSource{TemporalUnit}[12]" classname="open.testing.suite.junit5.MyParameterizedTests" time="0"/>
  <testcase name="testWithEnumSource{TemporalUnit}[13]" classname="open.testing.suite.junit5.MyParameterizedTests" time="0"/>
  <testcase name="testWithEnumSource{TemporalUnit}[14]" classname="open.testing.suite.junit5.MyParameterizedTests" time="0"/>
  <testcase name="testWithEnumSource{TemporalUnit}[15]" classname="open.testing.suite.junit5.MyParameterizedTests" time="0"/>
  <testcase name="testWithEnumSource{TemporalUnit}[16]" classname="open.testing.suite.junit5.MyParameterizedTests" time="0"/>
  <testcase name="palindromes{String}[1]" classname="open.testing.suite.junit5.MyParameterizedTests" time="0">
    <failure message="expected: &lt;true&gt; but was: &lt;false&gt;" type="org.opentest4j.AssertionFailedError"><![CDATA[org.opentest4j.AssertionFailedError: expected: <true> but was: <false>
	at open.testing.suite.junit5.MyParameterizedTests.palindromes(MyParameterizedTests.java:26)
]]></failure>
  </testcase>
  <testcase name="palindromes{String}[2]" classname="open.testing.suite.junit5.MyParameterizedTests" time="0">
    <failure message="expected: &lt;true&gt; but was: &lt;false&gt;" type="org.opentest4j.AssertionFailedError"><![CDATA[org.opentest4j.AssertionFailedError: expected: <true> but was: <false>
	at open.testing.suite.junit5.MyParameterizedTests.palindromes(MyParameterizedTests.java:26)
]]></failure>
  </testcase>
  <testcase name="palindromes{String}[3]" classname="open.testing.suite.junit5.MyParameterizedTests" time="0"/>
  <testcase name="testWithCustomDisplayNames{String, int}[1]" classname="open.testing.suite.junit5.MyParameterizedTests" time="0"/>
  <testcase name="testWithCustomDisplayNames{String, int}[2]" classname="open.testing.suite.junit5.MyParameterizedTests" time="0"/>
  <testcase name="testWithCustomDisplayNames{String, int}[3]" classname="open.testing.suite.junit5.MyParameterizedTests" time="0"/>
</testsuite>