<?xml version="1.0" encoding="UTF-8"?>
<testsuite xmlns:xsi="http://www.w3.org/2001/XMLSchema-instance" xsi:noNamespaceSchemaLocation="https://maven.apache.org/surefire/maven-surefire-plugin/xsd/surefire-test-report.xsd" name="open.testing.suite.junit5.StandardTests" time="0.027" tests="4" errors="0" skipped="2" failures="1">
  <properties>
[...]
</properties>
  <testcase name="succeedingTest" classname="open.testing.suite.junit5.StandardTests" time="0"/>
  <testcase name="failingTest" classname="open.testing.suite.junit5.StandardTests" time="0">
    <failure message="a failing test" type="org.opentest4j.AssertionFailedError">org.opentest4j.AssertionFailedError: a failing test
	at open.testing.suite.junit5.StandardTests.failingTest(MyStandardTests.java:32)
</failure>
  </testcase>
  <testcase name="skippedTest" classname="open.testing.suite.junit5.StandardTests" time="0">
    <skipped message="for demonstration purposes"/>
  </testcase>
  <testcase name="abortedTest" classname="open.testing.suite.junit5.StandardTests" time="0">
    <skipped message="Assumption failed: assumption is not true" type="org.opentest4j.TestAbortedException">org.opentest4j.TestAbortedException: Assumption failed: assumption is not true
	at open.testing.suite.junit5.StandardTests.abortedTest(MyStandardTests.java:43)
</skipped>
  </testcase>
</testsuite>