<?xml version="1.0" encoding="UTF-8"?>
<testsuite xmlns:xsi="http://www.w3.org/2001/XMLSchema-instance" xsi:noNamespaceSchemaLocation="https://maven.apache.org/surefire/maven-surefire-plugin/xsd/surefire-test-report.xsd" name="open.testing.suite.junit5.StandardTests" time="0.027" tests="4" errors="0" skipped="2" failures="1">
  <properties>
    <property name="sun.desktop" value="windows"/>
    <property name="awt.toolkit" value="sun.awt.windows.WToolkit"/>
    <property name="file.encoding.pkg" value="sun.io"/>
    <property name="java.specification.version" value="1.8"/>
    <property name="sun.cpu.isalist" value="amd64"/>
    <property name="sun.jnu.encoding" value="GBK"/>
    <property name="java.class.path" value="D:\jenkins\whitebox-test-suite\target\test-classes;D:\jenkins\whitebox-test-suite\target\classes;D:\.m2\repository\org\junit\jupiter\junit-jupiter-engine\5.7.2\junit-jupiter-engine-5.7.2.jar;D:\.m2\repository\org\apiguardian\apiguardian-api\1.1.0\apiguardian-api-1.1.0.jar;D:\.m2\repository\org\junit\platform\junit-platform-engine\1.7.2\junit-platform-engine-1.7.2.jar;D:\.m2\repository\org\opentest4j\opentest4j\1.2.0\opentest4j-1.2.0.jar;D:\.m2\repository\org\junit\platform\junit-platform-commons\1.7.2\junit-platform-commons-1.7.2.jar;D:\.m2\repository\org\junit\jupiter\junit-jupiter-api\5.7.2\junit-jupiter-api-5.7.2.jar;D:\.m2\repository\org\junit\jupiter\junit-jupiter-params\5.7.2\junit-jupiter-params-5.7.2.jar;D:\.m2\repository\org\powermock\powermock-module-junit4\1.6.5\powermock-module-junit4-1.6.5.jar;D:\.m2\repository\junit\junit\4.12\junit-4.12.jar;D:\.m2\repository\org\powermock\powermock-module-junit4-common\1.6.5\powermock-module-junit4-common-1.6.5.jar;D:\.m2\repository\org\powermock\powermock-core\1.6.5\powermock-core-1.6.5.jar;D:\.m2\repository\org\javassist\javassist\3.20.0-GA\javassist-3.20.0-GA.jar;D:\.m2\repository\org\powermock\powermock-reflect\1.6.5\powermock-reflect-1.6.5.jar;D:\.m2\repository\org\powermock\powermock-api-mockito\1.6.5\powermock-api-mockito-1.6.5.jar;D:\.m2\repository\org\mockito\mockito-core\1.10.19\mockito-core-1.10.19.jar;D:\.m2\repository\org\objenesis\objenesis\2.1\objenesis-2.1.jar;D:\.m2\repository\org\hamcrest\hamcrest-core\1.3\hamcrest-core-1.3.jar;D:\.m2\repository\org\powermock\powermock-api-mockito-common\1.6.5\powermock-api-mockito-common-1.6.5.jar;D:\.m2\repository\org\powermock\powermock-api-support\1.6.5\powermock-api-support-1.6.5.jar;D:\.m2\repository\org\mockito\mockito-all\1.10.19\mockito-all-1.10.19.jar;D:\.m2\repository\org\jmockit\jmockit\1.44\jmockit-1.44.jar;D:\.m2\repository\com\google\code\findbugs\jsr305\3.0.2\jsr305-3.0.2.jar;D:\.m2\repository\org\jmockit\jmockit-coverage\1.19\jmockit-coverage-1.19.jar;"/>
    <property name="java.vm.vendor" value="AdoptOpenJDK"/>
    <property name="sun.arch.data.model" value="64"/>
    <property name="user.variant" value=""/>
    <property name="java.vendor.url" value="https://adoptopenjdk.net/"/>
    <property name="user.timezone" value="Asia/Shanghai"/>
    <property name="java.vm.specification.version" value="1.8"/>
    <property name="os.name" value="Windows 10"/>
    <property name="user.country" value="CN"/>
    <property name="sun.java.launcher" value="SUN_STANDARD"/>
    <property name="sun.boot.library.path" value="D:\java\AdoptOpenJDK\jdk-8.0.292.10-hotspot\jre\bin"/>
    <property name="sun.java.command" value="C:\Users\ADMINI~1\AppData\Local\Temp\surefire1659365499910297346\surefirebooter3576905494568758216.jar C:\Users\Administrator\AppData\Local\Temp\surefire1659365499910297346 2021-07-14T11-23-46_576-jvmRun1 surefire4536855699296762937tmp surefire_04331256056944818125tmp"/>
    <property name="surefire.test.class.path" value="D:\jenkins\whitebox-test-suite\target\test-classes;D:\jenkins\whitebox-test-suite\target\classes;D:\.m2\repository\org\junit\jupiter\junit-jupiter-engine\5.7.2\junit-jupiter-engine-5.7.2.jar;D:\.m2\repository\org\apiguardian\apiguardian-api\1.1.0\apiguardian-api-1.1.0.jar;D:\.m2\repository\org\junit\platform\junit-platform-engine\1.7.2\junit-platform-engine-1.7.2.jar;D:\.m2\repository\org\opentest4j\opentest4j\1.2.0\opentest4j-1.2.0.jar;D:\.m2\repository\org\junit\platform\junit-platform-commons\1.7.2\junit-platform-commons-1.7.2.jar;D:\.m2\repository\org\junit\jupiter\junit-jupiter-api\5.7.2\junit-jupiter-api-5.7.2.jar;D:\.m2\repository\org\junit\jupiter\junit-jupiter-params\5.7.2\junit-jupiter-params-5.7.2.jar;D:\.m2\repository\org\powermock\powermock-module-junit4\1.6.5\powermock-module-junit4-1.6.5.jar;D:\.m2\repository\junit\junit\4.12\junit-4.12.jar;D:\.m2\repository\org\powermock\powermock-module-junit4-common\1.6.5\powermock-module-junit4-common-1.6.5.jar;D:\.m2\repository\org\powermock\powermock-core\1.6.5\powermock-core-1.6.5.jar;D:\.m2\repository\org\javassist\javassist\3.20.0-GA\javassist-3.20.0-GA.jar;D:\.m2\repository\org\powermock\powermock-reflect\1.6.5\powermock-reflect-1.6.5.jar;D:\.m2\repository\org\powermock\powermock-api-mockito\1.6.5\powermock-api-mockito-1.6.5.jar;D:\.m2\repository\org\mockito\mockito-core\1.10.19\mockito-core-1.10.19.jar;D:\.m2\repository\org\objenesis\objenesis\2.1\objenesis-2.1.jar;D:\.m2\repository\org\hamcrest\hamcrest-core\1.3\hamcrest-core-1.3.jar;D:\.m2\repository\org\powermock\powermock-api-mockito-common\1.6.5\powermock-api-mockito-common-1.6.5.jar;D:\.m2\repository\org\powermock\powermock-api-support\1.6.5\powermock-api-support-1.6.5.jar;D:\.m2\repository\org\mockito\mockito-all\1.10.19\mockito-all-1.10.19.jar;D:\.m2\repository\org\jmockit\jmockit\1.44\jmockit-1.44.jar;D:\.m2\repository\com\google\code\findbugs\jsr305\3.0.2\jsr305-3.0.2.jar;D:\.m2\repository\org\jmockit\jmockit-coverage\1.19\jmockit-coverage-1.19.jar;"/>
    <property name="sun.cpu.endian" value="little"/>
    <property name="user.home" value="C:\Users\Administrator"/>
    <property name="user.language" value="zh"/>
    <property name="java.specification.vendor" value="Oracle Corporation"/>
    <property name="java.home" value="D:\java\AdoptOpenJDK\jdk-8.0.292.10-hotspot\jre"/>
    <property name="basedir" value="D:\jenkins\whitebox-test-suite"/>
    <property name="file.separator" value="\"/>
    <property name="line.separator" value="&#10;"/>
    <property name="java.vm.specification.vendor" value="Oracle Corporation"/>
    <property name="java.specification.name" value="Java Platform API Specification"/>
    <property name="java.awt.graphicsenv" value="sun.awt.Win32GraphicsEnvironment"/>
    <property name="surefire.real.class.path" value="C:\Users\ADMINI~1\AppData\Local\Temp\surefire1659365499910297346\surefirebooter3576905494568758216.jar;D:\\.m2\\repository\\org\\jacoco\\org.jacoco.agent\\0.8.3\\org.jacoco.agent-0.8.3-runtime.jar"/>
    <property name="sun.boot.class.path" value="D:\java\AdoptOpenJDK\jdk-8.0.292.10-hotspot\jre\lib\resources.jar;D:\java\AdoptOpenJDK\jdk-8.0.292.10-hotspot\jre\lib\rt.jar;D:\java\AdoptOpenJDK\jdk-8.0.292.10-hotspot\jre\lib\sunrsasign.jar;D:\java\AdoptOpenJDK\jdk-8.0.292.10-hotspot\jre\lib\jsse.jar;D:\java\AdoptOpenJDK\jdk-8.0.292.10-hotspot\jre\lib\jce.jar;D:\java\AdoptOpenJDK\jdk-8.0.292.10-hotspot\jre\lib\charsets.jar;D:\java\AdoptOpenJDK\jdk-8.0.292.10-hotspot\jre\lib\jfr.jar;D:\java\AdoptOpenJDK\jdk-8.0.292.10-hotspot\jre\classes"/>
    <property name="user.script" value=""/>
    <property name="sun.management.compiler" value="HotSpot 64-Bit Tiered Compilers"/>
    <property name="java.runtime.version" value="1.8.0_292-b10"/>
    <property name="user.name" value="Administrator"/>
    <property name="path.separator" value=";"/>
    <property name="os.version" value="10.0"/>
    <property name="java.endorsed.dirs" value="D:\java\AdoptOpenJDK\jdk-8.0.292.10-hotspot\jre\lib\endorsed"/>
    <property name="java.runtime.name" value="OpenJDK Runtime Environment"/>
    <property name="file.encoding" value="GBK"/>
    <property name="java.vm.name" value="OpenJDK 64-Bit Server VM"/>
    <property name="localRepository" value="D:\.m2\repository"/>
    <property name="java.vendor.url.bug" value="https://github.com/AdoptOpenJDK/openjdk-support/issues"/>
    <property name="java.io.tmpdir" value="C:\Users\ADMINI~1\AppData\Local\Temp\"/>
    <property name="java.version" value="1.8.0_292"/>
    <property name="user.dir" value="D:\jenkins\whitebox-test-suite"/>
    <property name="os.arch" value="amd64"/>
    <property name="java.vm.specification.name" value="Java Virtual Machine Specification"/>
    <property name="java.awt.printerjob" value="sun.awt.windows.WPrinterJob"/>
    <property name="sun.os.patch.level" value=""/>
    <property name="java.library.path" value="D:\java\AdoptOpenJDK\jdk-8.0.292.10-hotspot\jre\bin;C:\WINDOWS\Sun\Java\bin;C:\WINDOWS\system32;C:\WINDOWS;D:\Java\AdoptOpenJDK\jdk-8.0.292.10-hotspot\bin;C:\Program Files\AdoptOpenJDK\jdk-11.0.11.9-hotspot\bin;D:\java\apache-maven-3.8.1\bin;D:\java\gradle-7.0.2\bin;C:\Python39\Scripts\;C:\Python39\;C:\Windows\system32;C:\Windows;C:\Windows\System32\Wbem;C:\Windows\System32\WindowsPowerShell\v1.0\;C:\Windows\System32\OpenSSH\;C:\Program Files (x86)\NVIDIA Corporation\PhysX\Common;C:\Program Files\dotnet\;C:\Program Files\Microsoft SQL Server\130\Tools\Binn\;C:\Program Files\Microsoft SQL Server\Client SDK\ODBC\170\Tools\Binn\;D:\Program Files\nodejs\;C:\ProgramData\chocolatey\bin;C:\Program Files\Git\cmd;C:\Program Files (x86)\GtkSharp\2.12\bin;C:\Program Files (x86)\Microsoft SQL Server\150\Tools\Binn\;C:\Program Files\Microsoft SQL Server\150\Tools\Binn\;C:\Program Files\Microsoft SQL Server\150\DTS\Binn\;C:\Program Files\Azure Data Studio\bin;C:\Strawberry\c\bin;C:\Strawberry\perl\site\bin;C:\Strawberry\perl\bin;C:\WINDOWS\system32;C:\WINDOWS;C:\WINDOWS\System32\Wbem;C:\WINDOWS\System32\WindowsPowerShell\v1.0\;C:\WINDOWS\System32\OpenSSH\;D:\Program Files\TortoiseSVN\bin;D:\Program Files (x86)\Eclipse\Sumo\bin\;D:\Program Files (x86)\Eclipse\Sumo\tools\;;C:\Program Files\Docker\Docker\resources\bin;C:\ProgramData\DockerDesktop\version-bin;C:\Program Files\MySQL\MySQL Shell 8.0\bin\;C:\Users\Administrator\AppData\Local\Microsoft\WindowsApps;C:\Users\Administrator\.dotnet\tools;C:\Users\Administrator\AppData\Roaming\npm;D:\Program Files\JetBrains\IntelliJ IDEA 2021.1.1\bin;;C:\Program Files\Azure Data Studio\bin;;D:\Users\Administrator\AppData\Local\Programs\Microsoft VS Code\bin;D:\Program Files\JetBrains\idealC-2021.1.2\bin;;."/>
    <property name="java.vm.info" value="mixed mode"/>
    <property name="java.vendor" value="AdoptOpenJDK"/>
    <property name="java.vm.version" value="25.292-b10"/>
    <property name="java.ext.dirs" value="D:\java\AdoptOpenJDK\jdk-8.0.292.10-hotspot\jre\lib\ext;C:\WINDOWS\Sun\Java\lib\ext"/>
    <property name="sun.io.unicode.encoding" value="UnicodeLittle"/>
    <property name="java.class.version" value="52.0"/>
  </properties>
  <testcase name="succeedingTest" classname="open.testing.suite.junit5.StandardTests" time="0"/>
  <testcase name="failingTest" classname="open.testing.suite.junit5.StandardTests" time="0">
    <failure message="a failing test" type="org.opentest4j.AssertionFailedError">org.opentest4j.AssertionFailedError: a failing test
	at open.testing.suite.junit5.StandardTests.failingTest(MyStandardTests.java:32)
</failure>
  </testcase>
  <testcase name="skippedTest" classname="open.testing.suite.junit5.StandardTests" time="0">
    <skipped message="for demonstration purposes"/>
  </testcase>
  <testcase name="abortedTest" classname="open.testing.suite.junit5.StandardTests" time="0">
    <skipped message="Assumption failed: assumption is not true" type="org.opentest4j.TestAbortedException">org.opentest4j.TestAbortedException: Assumption failed: assumption is not true
	at open.testing.suite.junit5.StandardTests.abortedTest(MyStandardTests.java:43)
</skipped>
  </testcase>
</testsuite>