<?xml version="1.0" encoding="UTF-8"?>
<checkstyle version="6.18">
<file name="D:\java\test\open-testing-suite\src\test\java\open\testing\suite\junit5\MyAnnotations.java">
<error line="0" severity="warning" message="包下缺少package-info文件" source="com.puppycrawl.tools.checkstyle.checks.javadoc.JavadocPackageCheck"/>
<error line="14" severity="warning" message="方法前面缺少javadoc注释" source="com.puppycrawl.tools.checkstyle.checks.javadoc.JavadocTypeCheck"/>
<error line="16" severity="warning" message="方法前面缺少javadoc注释" source="com.puppycrawl.tools.checkstyle.checks.javadoc.JavadocTypeCheck"/>
<error line="23" column="5" severity="warning" message="缺少注释" source="com.puppycrawl.tools.checkstyle.checks.javadoc.JavadocMethodCheck"/>
</file>
<file name="D:\java\test\open-testing-suite\src\test\java\open\testing\suite\junit5\MyAssertions.java">
<error line="11" column="15" severity="warning" message="没有使用import - org.junit.jupiter.api.Assertions.assertThrows." source="com.puppycrawl.tools.checkstyle.checks.imports.UnusedImportsCheck"/>
<error line="24" severity="warning" message="方法前面缺少javadoc注释" source="com.puppycrawl.tools.checkstyle.checks.javadoc.JavadocTypeCheck"/>
<error line="27" severity="warning" message="方法前面缺少javadoc注释" source="com.puppycrawl.tools.checkstyle.checks.javadoc.JavadocTypeCheck"/>
<error line="29" column="5" severity="warning" message="方法前面缺少javadoc注释" source="com.puppycrawl.tools.checkstyle.checks.javadoc.JavadocVariableCheck"/>
<error line="31" column="5" severity="warning" message="方法前面缺少javadoc注释" source="com.puppycrawl.tools.checkstyle.checks.javadoc.JavadocVariableCheck"/>
<error line="33" column="5" severity="warning" message="缺少注释" source="com.puppycrawl.tools.checkstyle.checks.javadoc.JavadocMethodCheck"/>
<error line="42" column="5" severity="warning" message="缺少注释" source="com.puppycrawl.tools.checkstyle.checks.javadoc.JavadocMethodCheck"/>
<error line="52" column="5" severity="warning" message="缺少注释" source="com.puppycrawl.tools.checkstyle.checks.javadoc.JavadocMethodCheck"/>
<error line="82" column="5" severity="warning" message="缺少注释" source="com.puppycrawl.tools.checkstyle.checks.javadoc.JavadocMethodCheck"/>
<error line="89" column="5" severity="warning" message="缺少注释" source="com.puppycrawl.tools.checkstyle.checks.javadoc.JavadocMethodCheck"/>
<error line="97" column="5" severity="warning" message="缺少注释" source="com.puppycrawl.tools.checkstyle.checks.javadoc.JavadocMethodCheck"/>
<error line="106" column="5" severity="warning" message="缺少注释" source="com.puppycrawl.tools.checkstyle.checks.javadoc.JavadocMethodCheck"/>
<error line="113" column="5" severity="warning" message="缺少注释" source="com.puppycrawl.tools.checkstyle.checks.javadoc.JavadocMethodCheck"/>
<error line="123" column="5" severity="warning" message="缺少注释" source="com.puppycrawl.tools.checkstyle.checks.javadoc.JavadocMethodCheck"/>
<error line="133" column="5" severity="warning" message="缺少注释" source="com.puppycrawl.tools.checkstyle.checks.javadoc.JavadocMethodCheck"/>
</file>
<file name="D:\java\test\open-testing-suite\src\test\java\open\testing\suite\junit5\MyDisplayName.java">
<error line="10" severity="warning" message="方法前面缺少javadoc注释" source="com.puppycrawl.tools.checkstyle.checks.javadoc.JavadocTypeCheck"/>
<error line="13" severity="warning" message="方法前面缺少javadoc注释" source="com.puppycrawl.tools.checkstyle.checks.javadoc.JavadocTypeCheck"/>
<error line="16" column="5" severity="warning" message="缺少注释" source="com.puppycrawl.tools.checkstyle.checks.javadoc.JavadocMethodCheck"/>
<error line="21" column="5" severity="warning" message="缺少注释" source="com.puppycrawl.tools.checkstyle.checks.javadoc.JavadocMethodCheck"/>
<error line="26" column="5" severity="warning" message="缺少注释" source="com.puppycrawl.tools.checkstyle.checks.javadoc.JavadocMethodCheck"/>
<error line="31" column="5" severity="warning" message="缺少注释" source="com.puppycrawl.tools.checkstyle.checks.javadoc.JavadocMethodCheck"/>
</file>
<file name="D:\java\test\open-testing-suite\src\test\java\open\testing\suite\junit5\MyDisplayNameGeneration.java">
<error line="12" severity="warning" message="方法前面缺少javadoc注释" source="com.puppycrawl.tools.checkstyle.checks.javadoc.JavadocTypeCheck"/>
<error line="19" severity="warning" message="方法前面缺少javadoc注释" source="com.puppycrawl.tools.checkstyle.checks.javadoc.JavadocTypeCheck"/>
<error line="21" severity="warning" message="方法前面缺少javadoc注释" source="com.puppycrawl.tools.checkstyle.checks.javadoc.JavadocTypeCheck"/>
<error line="23" column="11" severity="warning" message="&apos;A_year_is_not_supported&apos;必须匹配格式 &apos;^[A-Z][a-zA-Z0-9]*$&apos;." source="com.puppycrawl.tools.checkstyle.checks.naming.TypeNameCheck"/>
<error line="25" column="9" severity="warning" message="缺少注释" source="com.puppycrawl.tools.checkstyle.checks.javadoc.JavadocMethodCheck"/>
<error line="29" column="9" severity="warning" message="缺少注释" source="com.puppycrawl.tools.checkstyle.checks.javadoc.JavadocMethodCheck"/>
</file>
<file name="D:\java\test\open-testing-suite\src\test\java\open\testing\suite\junit5\MyDynamicTests.java">
<error line="3" column="15" severity="warning" message="没有使用import - org.junit.jupiter.api.Assertions.assertEquals." source="com.puppycrawl.tools.checkstyle.checks.imports.UnusedImportsCheck"/>
<error line="11" column="8" severity="warning" message="没有使用import - java.util.Collection." source="com.puppycrawl.tools.checkstyle.checks.imports.UnusedImportsCheck"/>
<error line="23" column="8" severity="warning" message="没有使用import - org.junit.jupiter.api.Tag." source="com.puppycrawl.tools.checkstyle.checks.imports.UnusedImportsCheck"/>
<error line="31" severity="warning" message="方法前面缺少javadoc注释" source="com.puppycrawl.tools.checkstyle.checks.javadoc.JavadocTypeCheck"/>
<error line="34" severity="warning" message="方法前面缺少javadoc注释" source="com.puppycrawl.tools.checkstyle.checks.javadoc.JavadocTypeCheck"/>
<error line="36" column="5" severity="warning" message="方法前面缺少javadoc注释" source="com.puppycrawl.tools.checkstyle.checks.javadoc.JavadocVariableCheck"/>
<error line="39" column="5" severity="warning" message="缺少注释" source="com.puppycrawl.tools.checkstyle.checks.javadoc.JavadocMethodCheck"/>
<error line="44" column="5" severity="warning" message="缺少注释" source="com.puppycrawl.tools.checkstyle.checks.javadoc.JavadocMethodCheck"/>
<error line="51" column="5" severity="warning" message="缺少注释" source="com.puppycrawl.tools.checkstyle.checks.javadoc.JavadocMethodCheck"/>
<error line="84" column="5" severity="warning" message="缺少注释" source="com.puppycrawl.tools.checkstyle.checks.javadoc.JavadocMethodCheck"/>
</file>
<file name="D:\java\test\open-testing-suite\src\test\java\open\testing\suite\junit5\MyFirstJUnitJupiterTests.java">
<error line="10" severity="warning" message="方法前面缺少javadoc注释" source="com.puppycrawl.tools.checkstyle.checks.javadoc.JavadocTypeCheck"/>
<error line="12" column="5" severity="warning" message="方法前面缺少javadoc注释" source="com.puppycrawl.tools.checkstyle.checks.javadoc.JavadocVariableCheck"/>
<error line="14" column="5" severity="warning" message="缺少注释" source="com.puppycrawl.tools.checkstyle.checks.javadoc.JavadocMethodCheck"/>
</file>
<file name="D:\java\test\open-testing-suite\src\test\java\open\testing\suite\junit5\MyNestedTests.java">
<error line="20" severity="warning" message="方法前面缺少javadoc注释" source="com.puppycrawl.tools.checkstyle.checks.javadoc.JavadocTypeCheck"/>
<error line="23" severity="warning" message="方法前面缺少javadoc注释" source="com.puppycrawl.tools.checkstyle.checks.javadoc.JavadocTypeCheck"/>
<error line="26" column="5" severity="warning" message="方法前面缺少javadoc注释" source="com.puppycrawl.tools.checkstyle.checks.javadoc.JavadocVariableCheck"/>
<error line="28" column="5" severity="warning" message="缺少注释" source="com.puppycrawl.tools.checkstyle.checks.javadoc.JavadocMethodCheck"/>
<error line="34" severity="warning" message="方法前面缺少javadoc注释" source="com.puppycrawl.tools.checkstyle.checks.javadoc.JavadocTypeCheck"/>
<error line="38" column="9" severity="warning" message="缺少注释" source="com.puppycrawl.tools.checkstyle.checks.javadoc.JavadocMethodCheck"/>
<error line="43" column="9" severity="warning" message="缺少注释" source="com.puppycrawl.tools.checkstyle.checks.javadoc.JavadocMethodCheck"/>
<error line="49" column="9" severity="warning" message="缺少注释" source="com.puppycrawl.tools.checkstyle.checks.javadoc.JavadocMethodCheck"/>
<error line="55" column="9" severity="warning" message="缺少注释" source="com.puppycrawl.tools.checkstyle.checks.javadoc.JavadocMethodCheck"/>
<error line="61" severity="warning" message="方法前面缺少javadoc注释" source="com.puppycrawl.tools.checkstyle.checks.javadoc.JavadocTypeCheck"/>
<error line="65" column="13" severity="warning" message="方法前面缺少javadoc注释" source="com.puppycrawl.tools.checkstyle.checks.javadoc.JavadocVariableCheck"/>
<error line="67" column="13" severity="warning" message="缺少注释" source="com.puppycrawl.tools.checkstyle.checks.javadoc.JavadocMethodCheck"/>
<error line="72" column="13" severity="warning" message="缺少注释" source="com.puppycrawl.tools.checkstyle.checks.javadoc.JavadocMethodCheck"/>
<error line="78" column="13" severity="warning" message="缺少注释" source="com.puppycrawl.tools.checkstyle.checks.javadoc.JavadocMethodCheck"/>
<error line="85" column="13" severity="warning" message="缺少注释" source="com.puppycrawl.tools.checkstyle.checks.javadoc.JavadocMethodCheck"/>
</file>
<file name="D:\java\test\open-testing-suite\src\test\java\open\testing\suite\junit5\MyParameterizedTest.java">
<error line="8" severity="warning" message="方法前面缺少javadoc注释" source="com.puppycrawl.tools.checkstyle.checks.javadoc.JavadocTypeCheck"/>
</file>
<file name="D:\java\test\open-testing-suite\src\test\java\open\testing\suite\junit5\MyParameterizedTests.java">
<error line="9" column="15" severity="warning" message="没有使用import - org.junit.Assert.assertNotEquals." source="com.puppycrawl.tools.checkstyle.checks.imports.UnusedImportsCheck"/>
<error line="21" severity="warning" message="方法前面缺少javadoc注释" source="com.puppycrawl.tools.checkstyle.checks.javadoc.JavadocTypeCheck"/>
<error line="23" column="5" severity="warning" message="缺少注释" source="com.puppycrawl.tools.checkstyle.checks.javadoc.JavadocMethodCheck"/>
<error line="30" column="5" severity="warning" message="缺少注释" source="com.puppycrawl.tools.checkstyle.checks.javadoc.JavadocMethodCheck"/>
<error line="36" column="5" severity="warning" message="缺少注释" source="com.puppycrawl.tools.checkstyle.checks.javadoc.JavadocMethodCheck"/>
<error line="42" column="5" severity="warning" message="缺少注释" source="com.puppycrawl.tools.checkstyle.checks.javadoc.JavadocMethodCheck"/>
</file>
<file name="D:\java\test\open-testing-suite\src\test\java\open\testing\suite\junit5\MyScenarioTest.java">
<error line="6" severity="warning" message="方法前面缺少javadoc注释" source="com.puppycrawl.tools.checkstyle.checks.javadoc.JavadocTypeCheck"/>
</file>
<file name="D:\java\test\open-testing-suite\src\test\java\open\testing\suite\junit5\MyStandardTests.java">
<error line="13" severity="warning" message="方法前面缺少javadoc注释" source="com.puppycrawl.tools.checkstyle.checks.javadoc.JavadocTypeCheck"/>
<error line="16" severity="warning" message="方法前面缺少javadoc注释" source="com.puppycrawl.tools.checkstyle.checks.javadoc.JavadocTypeCheck"/>
<error line="18" column="5" severity="warning" message="缺少注释" source="com.puppycrawl.tools.checkstyle.checks.javadoc.JavadocMethodCheck"/>
<error line="22" column="5" severity="warning" message="缺少注释" source="com.puppycrawl.tools.checkstyle.checks.javadoc.JavadocMethodCheck"/>
<error line="26" column="5" severity="warning" message="缺少注释" source="com.puppycrawl.tools.checkstyle.checks.javadoc.JavadocMethodCheck"/>
<error line="30" column="5" severity="warning" message="缺少注释" source="com.puppycrawl.tools.checkstyle.checks.javadoc.JavadocMethodCheck"/>
<error line="35" column="5" severity="warning" message="缺少注释" source="com.puppycrawl.tools.checkstyle.checks.javadoc.JavadocMethodCheck"/>
<error line="41" column="5" severity="warning" message="缺少注释" source="com.puppycrawl.tools.checkstyle.checks.javadoc.JavadocMethodCheck"/>
<error line="47" column="5" severity="warning" message="缺少注释" source="com.puppycrawl.tools.checkstyle.checks.javadoc.JavadocMethodCheck"/>
<error line="51" column="5" severity="warning" message="缺少注释" source="com.puppycrawl.tools.checkstyle.checks.javadoc.JavadocMethodCheck"/>
</file>
<file name="D:\java\test\open-testing-suite\src\test\java\open\testing\suite\junit5\MyTestTemplate.java">
<error line="7" severity="warning" message="方法前面缺少javadoc注释" source="com.puppycrawl.tools.checkstyle.checks.javadoc.JavadocTypeCheck"/>
</file>
<file name="D:\java\test\open-testing-suite\src\test\java\open\testing\suite\junit5\ThirdPartyAssertion.java">
<error line="11" severity="warning" message="方法前面缺少javadoc注释" source="com.puppycrawl.tools.checkstyle.checks.javadoc.JavadocTypeCheck"/>
<error line="14" severity="warning" message="方法前面缺少javadoc注释" source="com.puppycrawl.tools.checkstyle.checks.javadoc.JavadocTypeCheck"/>
<error line="16" column="5" severity="warning" message="方法前面缺少javadoc注释" source="com.puppycrawl.tools.checkstyle.checks.javadoc.JavadocVariableCheck"/>
<error line="18" column="5" severity="warning" message="缺少注释" source="com.puppycrawl.tools.checkstyle.checks.javadoc.JavadocMethodCheck"/>
</file>
<file name="D:\java\test\open-testing-suite\src\test\java\open\testing\suite\mockito\CapturingArguments09.java">
<error line="0" severity="warning" message="包下缺少package-info文件" source="com.puppycrawl.tools.checkstyle.checks.javadoc.JavadocPackageCheck"/>
<error line="13" severity="warning" message="方法前面缺少javadoc注释" source="com.puppycrawl.tools.checkstyle.checks.javadoc.JavadocTypeCheck"/>
<error line="14" column="5" severity="warning" message="缺少注释" source="com.puppycrawl.tools.checkstyle.checks.javadoc.JavadocMethodCheck"/>
<error line="23" column="21" severity="warning" message="&apos;,&apos; 后面缺少空格" source="com.puppycrawl.tools.checkstyle.checks.whitespace.WhitespaceAfterCheck"/>
<error line="27" column="28" severity="warning" message="&apos;,&apos; 后面缺少空格" source="com.puppycrawl.tools.checkstyle.checks.whitespace.WhitespaceAfterCheck"/>
<error line="28" column="28" severity="warning" message="&apos;,&apos; 后面缺少空格" source="com.puppycrawl.tools.checkstyle.checks.whitespace.WhitespaceAfterCheck"/>
<error line="29" column="30" severity="warning" message="&apos;,&apos; 后面缺少空格" source="com.puppycrawl.tools.checkstyle.checks.whitespace.WhitespaceAfterCheck"/>
</file>
<file name="D:\java\test\open-testing-suite\src\test\java\open\testing\suite\mockito\DeepMocking.java">
<error line="13" severity="warning" message="方法前面缺少javadoc注释" source="com.puppycrawl.tools.checkstyle.checks.javadoc.JavadocTypeCheck"/>
<error line="14" column="5" severity="warning" message="缺少注释" source="com.puppycrawl.tools.checkstyle.checks.javadoc.JavadocMethodCheck"/>
<error line="17" column="51" severity="warning" message="&apos;,&apos; 后面缺少空格" source="com.puppycrawl.tools.checkstyle.checks.whitespace.WhitespaceAfterCheck"/>
</file>
<file name="D:\java\test\open-testing-suite\src\test\java\open\testing\suite\mockito\FindingRedundantInvocations06.java">
<error line="7" severity="warning" message="方法前面缺少javadoc注释" source="com.puppycrawl.tools.checkstyle.checks.javadoc.JavadocTypeCheck"/>
<error line="8" column="5" severity="warning" message="缺少注释" source="com.puppycrawl.tools.checkstyle.checks.javadoc.JavadocMethodCheck"/>
</file>
<file name="D:\java\test\open-testing-suite\src\test\java\open\testing\suite\mockito\FirstMock01.java">
<error line="9" severity="warning" message="方法前面缺少javadoc注释" source="com.puppycrawl.tools.checkstyle.checks.javadoc.JavadocTypeCheck"/>
<error line="10" column="5" severity="warning" message="缺少注释" source="com.puppycrawl.tools.checkstyle.checks.javadoc.JavadocMethodCheck"/>
</file>
<file name="D:\java\test\open-testing-suite\src\test\java\open\testing\suite\mockito\MakingSureInteractionNeverHappenedOnMock05.java">
<error line="7" severity="warning" message="方法前面缺少javadoc注释" source="com.puppycrawl.tools.checkstyle.checks.javadoc.JavadocTypeCheck"/>
<error line="8" column="5" severity="warning" message="缺少注释" source="com.puppycrawl.tools.checkstyle.checks.javadoc.JavadocMethodCheck"/>
</file>
<file name="D:\java\test\open-testing-suite\src\test\java\open\testing\suite\mockito\RealPartialMocks10.java">
<error line="3" column="15" severity="warning" message="没有使用import - org.junit.Assert.assertEquals." source="com.puppycrawl.tools.checkstyle.checks.imports.UnusedImportsCheck"/>
<error line="5" column="15" severity="warning" message="没有使用import - org.mockito.Matchers.anyString." source="com.puppycrawl.tools.checkstyle.checks.imports.UnusedImportsCheck"/>
<error line="11" column="8" severity="warning" message="没有使用import - org.mockito.Mockito." source="com.puppycrawl.tools.checkstyle.checks.imports.UnusedImportsCheck"/>
<error line="13" severity="warning" message="方法前面缺少javadoc注释" source="com.puppycrawl.tools.checkstyle.checks.javadoc.JavadocTypeCheck"/>
<error line="14" column="5" severity="warning" message="缺少注释" source="com.puppycrawl.tools.checkstyle.checks.javadoc.JavadocMethodCheck"/>
</file>
<file name="D:\java\test\open-testing-suite\src\test\java\open\testing\suite\mockito\SecondStubbing02.java">
<error line="11" severity="warning" message="方法前面缺少javadoc注释" source="com.puppycrawl.tools.checkstyle.checks.javadoc.JavadocTypeCheck"/>
<error line="12" column="5" severity="warning" message="缺少注释" source="com.puppycrawl.tools.checkstyle.checks.javadoc.JavadocMethodCheck"/>
</file>
<file name="D:\java\test\open-testing-suite\src\test\java\open\testing\suite\mockito\ShorthandForMocksCreation07.java">
<error line="6" column="8" severity="warning" message="没有使用import - org.junit.Before." source="com.puppycrawl.tools.checkstyle.checks.imports.UnusedImportsCheck"/>
<error line="14" severity="warning" message="方法前面缺少javadoc注释" source="com.puppycrawl.tools.checkstyle.checks.javadoc.JavadocTypeCheck"/>
<error line="16" column="5" severity="warning" message="方法前面缺少javadoc注释" source="com.puppycrawl.tools.checkstyle.checks.javadoc.JavadocVariableCheck"/>
<error line="18" column="5" severity="warning" message="缺少注释" source="com.puppycrawl.tools.checkstyle.checks.javadoc.JavadocMethodCheck"/>
<error line="22" column="5" severity="warning" message="缺少注释" source="com.puppycrawl.tools.checkstyle.checks.javadoc.JavadocMethodCheck"/>
</file>
<file name="D:\java\test\open-testing-suite\src\test\java\open\testing\suite\mockito\SpyingOnRealObjects08.java">
<error line="13" severity="warning" message="方法前面缺少javadoc注释" source="com.puppycrawl.tools.checkstyle.checks.javadoc.JavadocTypeCheck"/>
<error line="14" column="5" severity="warning" message="缺少注释" source="com.puppycrawl.tools.checkstyle.checks.javadoc.JavadocMethodCheck"/>
<error line="36" column="26" severity="warning" message="&apos;,&apos; 后面缺少空格" source="com.puppycrawl.tools.checkstyle.checks.whitespace.WhitespaceAfterCheck"/>
<error line="37" column="24" severity="warning" message="&apos;,&apos; 后面缺少空格" source="com.puppycrawl.tools.checkstyle.checks.whitespace.WhitespaceAfterCheck"/>
<error line="39" column="33" severity="warning" message="&apos;,&apos; 后面缺少空格" source="com.puppycrawl.tools.checkstyle.checks.whitespace.WhitespaceAfterCheck"/>
</file>
<file name="D:\java\test\open-testing-suite\src\test\java\open\testing\suite\mockito\VerificationInOrder04.java">
<error line="9" severity="warning" message="方法前面缺少javadoc注释" source="com.puppycrawl.tools.checkstyle.checks.javadoc.JavadocTypeCheck"/>
<error line="10" column="5" severity="warning" message="缺少注释" source="com.puppycrawl.tools.checkstyle.checks.javadoc.JavadocMethodCheck"/>
</file>
<file name="D:\java\test\open-testing-suite\src\test\java\open\testing\suite\mockito\VerifyExactNumberOfInvocations03.java">
<error line="3" column="15" severity="warning" message="没有使用import - org.mockito.Mockito.atLeast." source="com.puppycrawl.tools.checkstyle.checks.imports.UnusedImportsCheck"/>
<error line="4" column="15" severity="warning" message="没有使用import - org.mockito.Mockito.atLeastOnce." source="com.puppycrawl.tools.checkstyle.checks.imports.UnusedImportsCheck"/>
<error line="5" column="15" severity="warning" message="没有使用import - org.mockito.Mockito.atMost." source="com.puppycrawl.tools.checkstyle.checks.imports.UnusedImportsCheck"/>
<error line="7" column="15" severity="warning" message="没有使用import - org.mockito.Mockito.never." source="com.puppycrawl.tools.checkstyle.checks.imports.UnusedImportsCheck"/>
<error line="15" severity="warning" message="方法前面缺少javadoc注释" source="com.puppycrawl.tools.checkstyle.checks.javadoc.JavadocTypeCheck"/>
<error line="17" column="5" severity="warning" message="缺少注释" source="com.puppycrawl.tools.checkstyle.checks.javadoc.JavadocMethodCheck"/>
</file>
<file name="D:\java\test\open-testing-suite\src\test\java\open\testing\suite\unittest\demo\AddFunTest.java">
<error line="0" severity="warning" message="包下缺少package-info文件" source="com.puppycrawl.tools.checkstyle.checks.javadoc.JavadocPackageCheck"/>
<error line="7" severity="warning" message="方法前面缺少javadoc注释" source="com.puppycrawl.tools.checkstyle.checks.javadoc.JavadocTypeCheck"/>
<error line="9" column="9" severity="warning" message="缺少注释" source="com.puppycrawl.tools.checkstyle.checks.javadoc.JavadocMethodCheck"/>
<error line="13" column="9" severity="warning" message="缺少注释" source="com.puppycrawl.tools.checkstyle.checks.javadoc.JavadocMethodCheck"/>
<error line="27" severity="warning" message="Line has trailing spaces." source="com.puppycrawl.tools.checkstyle.checks.regexp.RegexpSinglelineCheck"/>
<error line="29" severity="warning" message="Line has trailing spaces." source="com.puppycrawl.tools.checkstyle.checks.regexp.RegexpSinglelineCheck"/>
<error line="30" column="9" severity="warning" message="缺少注释" source="com.puppycrawl.tools.checkstyle.checks.javadoc.JavadocMethodCheck"/>
<error line="36" severity="warning" message="Line has trailing spaces." source="com.puppycrawl.tools.checkstyle.checks.regexp.RegexpSinglelineCheck"/>
</file>
<file name="D:\java\test\open-testing-suite\src\test\java\open\testing\suite\unittest\demo\AddThreeFunTest.java">
<error line="9" column="15" severity="warning" message="没有使用import - org.mockito.Mockito.verify." source="com.puppycrawl.tools.checkstyle.checks.imports.UnusedImportsCheck"/>
<error line="11" severity="warning" message="方法前面缺少javadoc注释" source="com.puppycrawl.tools.checkstyle.checks.javadoc.JavadocTypeCheck"/>
<error line="12" column="9" severity="warning" message="方法前面缺少javadoc注释" source="com.puppycrawl.tools.checkstyle.checks.javadoc.JavadocVariableCheck"/>
<error line="12" column="24" severity="warning" message="&apos;DELTA&apos;必须匹配格式 &apos;^[a-z][a-zA-Z0-9_]*$&apos;." source="com.puppycrawl.tools.checkstyle.checks.naming.MemberNameCheck"/>
<error line="14" column="9" severity="warning" message="缺少注释" source="com.puppycrawl.tools.checkstyle.checks.javadoc.JavadocMethodCheck"/>
<error line="16" severity="warning" message="Line has trailing spaces." source="com.puppycrawl.tools.checkstyle.checks.regexp.RegexpSinglelineCheck"/>
<error line="19" column="9" severity="warning" message="缺少注释" source="com.puppycrawl.tools.checkstyle.checks.javadoc.JavadocMethodCheck"/>
<error line="24" severity="warning" message="Line has trailing spaces." source="com.puppycrawl.tools.checkstyle.checks.regexp.RegexpSinglelineCheck"/>
<error line="35" severity="warning" message="Line has trailing spaces." source="com.puppycrawl.tools.checkstyle.checks.regexp.RegexpSinglelineCheck"/>
<error line="36" column="9" severity="warning" message="缺少注释" source="com.puppycrawl.tools.checkstyle.checks.javadoc.JavadocMethodCheck"/>
</file>
<file name="D:\java\test\open-testing-suite\src\test\java\open\testing\suite\unittest\demo\AddThreeFunTest01.java">
<error line="11" severity="warning" message="方法前面缺少javadoc注释" source="com.puppycrawl.tools.checkstyle.checks.javadoc.JavadocTypeCheck"/>
<error line="12" severity="warning" message="Line has trailing spaces." source="com.puppycrawl.tools.checkstyle.checks.regexp.RegexpSinglelineCheck"/>
<error line="13" column="9" severity="warning" message="方法前面缺少javadoc注释" source="com.puppycrawl.tools.checkstyle.checks.javadoc.JavadocVariableCheck"/>
<error line="15" severity="warning" message="Line has trailing spaces." source="com.puppycrawl.tools.checkstyle.checks.regexp.RegexpSinglelineCheck"/>
<error line="16" column="9" severity="warning" message="方法前面缺少javadoc注释" source="com.puppycrawl.tools.checkstyle.checks.javadoc.JavadocVariableCheck"/>
<error line="20" column="9" severity="warning" message="缺少注释" source="com.puppycrawl.tools.checkstyle.checks.javadoc.JavadocMethodCheck"/>
<error line="25" column="9" severity="warning" message="缺少注释" source="com.puppycrawl.tools.checkstyle.checks.javadoc.JavadocMethodCheck"/>
<error line="26" severity="warning" message="Line has trailing spaces." source="com.puppycrawl.tools.checkstyle.checks.regexp.RegexpSinglelineCheck"/>
<error line="35" severity="warning" message="Line has trailing spaces." source="com.puppycrawl.tools.checkstyle.checks.regexp.RegexpSinglelineCheck"/>
</file>
<file name="D:\java\test\open-testing-suite\src\test\java\open\testing\suite\unittest\demo\CalculatorTests.java">
<error line="10" severity="warning" message="方法前面缺少javadoc注释" source="com.puppycrawl.tools.checkstyle.checks.javadoc.JavadocTypeCheck"/>
<error line="12" column="5" severity="warning" message="缺少注释" source="com.puppycrawl.tools.checkstyle.checks.javadoc.JavadocMethodCheck"/>
<error line="19" column="5" severity="warning" message="缺少注释" source="com.puppycrawl.tools.checkstyle.checks.javadoc.JavadocMethodCheck"/>
</file>
<file name="D:\java\test\open-testing-suite\src\test\java\open\testing\suite\whitebox\Example1Test.java">
<error line="0" severity="warning" message="包下缺少package-info文件" source="com.puppycrawl.tools.checkstyle.checks.javadoc.JavadocPackageCheck"/>
<error line="5" severity="warning" message="Line has trailing spaces." source="com.puppycrawl.tools.checkstyle.checks.regexp.RegexpSinglelineCheck"/>
<error line="20" severity="warning" message="方法前面缺少javadoc注释" source="com.puppycrawl.tools.checkstyle.checks.javadoc.JavadocTypeCheck"/>
<error line="22" column="9" severity="warning" message="方法前面缺少javadoc注释" source="com.puppycrawl.tools.checkstyle.checks.javadoc.JavadocVariableCheck"/>
<error line="24" column="9" severity="warning" message="缺少注释" source="com.puppycrawl.tools.checkstyle.checks.javadoc.JavadocMethodCheck"/>
<error line="29" column="9" severity="warning" message="缺少注释" source="com.puppycrawl.tools.checkstyle.checks.javadoc.JavadocMethodCheck"/>
<error line="32" column="46" severity="warning" message="&apos;,&apos; 后面缺少空格" source="com.puppycrawl.tools.checkstyle.checks.whitespace.WhitespaceAfterCheck"/>
<error line="33" severity="warning" message="Line has trailing spaces." source="com.puppycrawl.tools.checkstyle.checks.regexp.RegexpSinglelineCheck"/>
<error line="36" column="9" severity="warning" message="缺少注释" source="com.puppycrawl.tools.checkstyle.checks.javadoc.JavadocMethodCheck"/>
<error line="42" severity="warning" message="Line has trailing spaces." source="com.puppycrawl.tools.checkstyle.checks.regexp.RegexpSinglelineCheck"/>
<error line="43" column="9" severity="warning" message="缺少注释" source="com.puppycrawl.tools.checkstyle.checks.javadoc.JavadocMethodCheck"/>
<error line="44" severity="warning" message="Line has trailing spaces." source="com.puppycrawl.tools.checkstyle.checks.regexp.RegexpSinglelineCheck"/>
<error line="49" severity="warning" message="Line has trailing spaces." source="com.puppycrawl.tools.checkstyle.checks.regexp.RegexpSinglelineCheck"/>
<error line="50" severity="warning" message="Line has trailing spaces." source="com.puppycrawl.tools.checkstyle.checks.regexp.RegexpSinglelineCheck"/>
<error line="51" column="9" severity="warning" message="缺少注释" source="com.puppycrawl.tools.checkstyle.checks.javadoc.JavadocMethodCheck"/>
<error line="56" severity="warning" message="Line has trailing spaces." source="com.puppycrawl.tools.checkstyle.checks.regexp.RegexpSinglelineCheck"/>
<error line="58" column="9" severity="warning" message="缺少注释" source="com.puppycrawl.tools.checkstyle.checks.javadoc.JavadocMethodCheck"/>
<error line="63" column="53" severity="warning" message="&apos;,&apos; 后面缺少空格" source="com.puppycrawl.tools.checkstyle.checks.whitespace.WhitespaceAfterCheck"/>
<error line="64" severity="warning" message="Line has trailing spaces." source="com.puppycrawl.tools.checkstyle.checks.regexp.RegexpSinglelineCheck"/>
<error line="65" severity="warning" message="Line has trailing spaces." source="com.puppycrawl.tools.checkstyle.checks.regexp.RegexpSinglelineCheck"/>
<error line="66" column="9" severity="warning" message="缺少注释" source="com.puppycrawl.tools.checkstyle.checks.javadoc.JavadocMethodCheck"/>
<error line="72" column="9" severity="warning" message="缺少注释" source="com.puppycrawl.tools.checkstyle.checks.javadoc.JavadocMethodCheck"/>
<error line="77" severity="warning" message="Line has trailing spaces." source="com.puppycrawl.tools.checkstyle.checks.regexp.RegexpSinglelineCheck"/>
<error line="78" severity="warning" message="Line has trailing spaces." source="com.puppycrawl.tools.checkstyle.checks.regexp.RegexpSinglelineCheck"/>
<error line="79" severity="warning" message="Line has trailing spaces." source="com.puppycrawl.tools.checkstyle.checks.regexp.RegexpSinglelineCheck"/>
<error line="80" column="9" severity="warning" message="缺少注释" source="com.puppycrawl.tools.checkstyle.checks.javadoc.JavadocMethodCheck"/>
<error line="85" column="53" severity="warning" message="&apos;,&apos; 后面缺少空格" source="com.puppycrawl.tools.checkstyle.checks.whitespace.WhitespaceAfterCheck"/>
<error line="88" column="9" severity="warning" message="缺少注释" source="com.puppycrawl.tools.checkstyle.checks.javadoc.JavadocMethodCheck"/>
<error line="93" severity="warning" message="Line has trailing spaces." source="com.puppycrawl.tools.checkstyle.checks.regexp.RegexpSinglelineCheck"/>
<error line="94" severity="warning" message="Line has trailing spaces." source="com.puppycrawl.tools.checkstyle.checks.regexp.RegexpSinglelineCheck"/>
</file>
<file name="D:\java\test\open-testing-suite\src\test\java\open\testing\suite\whitebox\GetWeekTest.java">
<error line="9" severity="warning" message="方法前面缺少javadoc注释" source="com.puppycrawl.tools.checkstyle.checks.javadoc.JavadocTypeCheck"/>
<error line="11" column="9" severity="warning" message="缺少注释" source="com.puppycrawl.tools.checkstyle.checks.javadoc.JavadocMethodCheck"/>
<error line="15" column="9" severity="warning" message="缺少注释" source="com.puppycrawl.tools.checkstyle.checks.javadoc.JavadocMethodCheck"/>
<error line="19" column="9" severity="warning" message="缺少注释" source="com.puppycrawl.tools.checkstyle.checks.javadoc.JavadocMethodCheck"/>
</file>
</checkstyle>
